<?xml version="1.0" encoding="UTF-8"?>
<coverage generated="1701354983849" clover="3.2.0">
  <project timestamp="1701354983849" name="All files">
    <metrics statements="2" coveredstatements="2" conditionals="2" coveredconditionals="2" methods="1" coveredmethods="1" elements="5" coveredelements="5" complexity="0" loc="2" ncloc="2" packages="1" files="1" classes="1"/>
    <file name="Counter.tsx" path="/Users/doge/Workspace/workshop-app/src/Counter.tsx">
      <metrics statements="2" coveredstatements="2" conditionals="2" coveredconditionals="2" methods="1" coveredmethods="1"/>
      <line num="6" count="1" type="stmt"/>
      <line num="7" count="4" type="stmt"/>
    </file>
  </project>
</coverage>
