{"/Users/doge/Workspace/workshop-app/src/Counter.tsx": {"path":"/Users/doge/Workspace/workshop-app/src/Counter.tsx","statementMap":{"0":{"start":{"line":7,"column":4},"end":{"line":14,"column":null}},"1":{"start":{"line":6,"column":0},"end":{"line":6,"column":16}}},"fnMap":{"0":{"name":"Counter","decl":{"start":{"line":6,"column":16},"end":{"line":6,"column":23}},"loc":{"start":{"line":6,"column":56},"end":{"line":15,"column":1}}}},"branchMap":{"0":{"loc":{"start":{"line":11,"column":9},"end":{"line":12,"column":null}},"type":"binary-expr","locations":[{"start":{"line":11,"column":9},"end":{"line":11,"column":18}},{"start":{"line":11,"column":22},"end":{"line":12,"column":null}}]}},"s":{"0":4,"1":1},"f":{"0":4},"b":{"0":[4,1]}}
}
